<?xml version="1.0" encoding="UTF-8"?>
<testsuite name="de.phonebook.tests.HomePageTests" tests="1" skipped="0" failures="0" errors="0" timestamp="2026-08-18T13:32:55.367Z" hostname="VICTUS" time="0.044">
  <properties/>
  <testcase name="isHomeComponentPresentTest" classname="de.phonebook.tests.HomePageTests" time="0.012"/>
  <system-out><![CDATA[15:32:55.383 [Test worker] INFO  de.phonebook.core.TestBase -- Start test isHomeComponentPresentTest with data: []
15:32:55.414 [Test worker] INFO  de.phonebook.core.TestBase -- PASSED: isHomeComponentPresentTest
15:32:55.415 [Test worker] INFO  de.phonebook.core.TestBase -- Stop test
15:32:55.415 [Test worker] INFO  de.phonebook.core.TestBase -- *****************************************
]]></system-out>
  <system-err><![CDATA[]]></system-err>
</testsuite>
